<?xml version="1.0" encoding="UTF-8"?>
<!-- Generated by org.testng.reporters.JUnitXMLReporter -->
<testsuite hostname="DESKTOP-IO5FSVF" name="Default test" tests="5" failures="0" timestamp="3 Nov 2021 19:22:36 GMT" time="68.261" errors="0">
  <testcase name="verifySearchNumber" time="7.833" classname="WhatsappUITest.UITestNG"/>
  <testcase name="verifySendMessage" time="6.156" classname="WhatsappUITest.UITestNG"/>
  <testcase name="verifySuccessfullySendMessage" time="0.256" classname="WhatsappUITest.UITestNG"/>
  <testcase name="verifySendMessageStatus" time="5.163" classname="WhatsappUITest.UITestNG"/>
  <testcase name="verifyLogout" time="10.34" classname="WhatsappUITest.UITestNG"/>
</testsuite> <!-- Default test -->
