<?xml version="1.0" encoding="UTF-8"?>
<testng-results skipped="0" failed="0" total="3" passed="3">
  <reporter-output>
  </reporter-output>
  <suite name="Default suite" duration-ms="56473" started-at="2021-11-04T06:21:28Z" finished-at="2021-11-04T06:22:24Z">
    <groups>
    </groups>
    <test name="Default test" duration-ms="56473" started-at="2021-11-04T06:21:28Z" finished-at="2021-11-04T06:22:24Z">
      <class name="WhatsappUITest.UITestNG">
        <test-method status="PASS" signature="setup()[pri:0, instance:WhatsappUITest.UITestNG@72b6cbcc]" name="setup" is-config="true" duration-ms="33469" started-at="2021-11-04T12:21:28Z" finished-at="2021-11-04T12:22:01Z">
          <reporter-output>
          </reporter-output>
        </test-method> <!-- setup -->
        <test-method status="PASS" signature="verifySearchNumber()[pri:1, instance:WhatsappUITest.UITestNG@72b6cbcc]" name="verifySearchNumber" duration-ms="7759" started-at="2021-11-04T12:22:01Z" finished-at="2021-11-04T12:22:09Z">
          <reporter-output>
          </reporter-output>
        </test-method> <!-- verifySearchNumber -->
        <test-method status="PASS" signature="verifySendMessageStatus()[pri:4, instance:WhatsappUITest.UITestNG@72b6cbcc]" name="verifySendMessageStatus" duration-ms="3373" started-at="2021-11-04T12:22:09Z" finished-at="2021-11-04T12:22:12Z">
          <reporter-output>
          </reporter-output>
        </test-method> <!-- verifySendMessageStatus -->
        <test-method status="PASS" signature="verifyLogout()[pri:5, instance:WhatsappUITest.UITestNG@72b6cbcc]" name="verifyLogout" duration-ms="10342" started-at="2021-11-04T12:22:12Z" finished-at="2021-11-04T12:22:22Z">
          <reporter-output>
          </reporter-output>
        </test-method> <!-- verifyLogout -->
        <test-method status="PASS" signature="Teardown()[pri:0, instance:WhatsappUITest.UITestNG@72b6cbcc]" name="Teardown" is-config="true" duration-ms="1479" started-at="2021-11-04T12:22:22Z" finished-at="2021-11-04T12:22:24Z">
          <reporter-output>
          </reporter-output>
        </test-method> <!-- Teardown -->
      </class> <!-- WhatsappUITest.UITestNG -->
    </test> <!-- Default test -->
  </suite> <!-- Default suite -->
</testng-results>
